2025-06-20 22:43:42,406 - INFO - Using GPU: 0
2025-06-20 22:43:42,406 - INFO - Starting Training Mode...
2025-06-20 22:43:42,493 - INFO - Loaded real volume: torch.Size([1, 1, 16, 32, 32])
2025-06-20 22:43:42,507 - INFO - Created pyramid with 6 scales.
2025-06-20 22:43:42,507 - INFO -   Scale 5 (Coarsest=True): torch.Size([1, 1, 5, 9, 9])
2025-06-20 22:43:42,507 - INFO -   Scale 4 (Coarsest=False): torch.Size([1, 1, 6, 11, 11])
2025-06-20 22:43:42,507 - INFO -   Scale 3 (Coarsest=False): torch.Size([1, 1, 7, 14, 14])
2025-06-20 22:43:42,507 - INFO -   Scale 2 (Coarsest=False): torch.Size([1, 1, 9, 18, 18])
2025-06-20 22:43:42,507 - INFO -   Scale 1 (Coarsest=False): torch.Size([1, 1, 12, 24, 24])
2025-06-20 22:43:42,507 - INFO -   Scale 0 (Coarsest=False): torch.Size([1, 1, 16, 32, 32])
2025-06-20 22:43:42,508 - INFO - 
--- Training Scale 5 ---
2025-06-20 22:43:42,508 - INFO - Volume size: torch.Size([5, 9, 9])
2025-06-20 22:43:43,633 - INFO - Scale [5] Iter [0/10000] Loss_D: 530.5355 Loss_G: 4.2030 (Adv: 0.5735 Rec: 3.6295)
2025-06-20 22:43:57,867 - INFO - Scale [5] Iter [1000/10000] Loss_D: 0.0055 Loss_G: -0.3593 (Adv: -0.3698 Rec: 0.0105)
2025-06-20 22:44:12,199 - INFO - Scale [5] Iter [2000/10000] Loss_D: -0.0044 Loss_G: -0.2393 (Adv: -0.2416 Rec: 0.0022)
2025-06-20 22:44:26,282 - INFO - Scale [5] Iter [3000/10000] Loss_D: -0.0016 Loss_G: -0.1846 (Adv: -0.1857 Rec: 0.0010)
2025-06-20 22:44:40,191 - INFO - Scale [5] Iter [4000/10000] Loss_D: 0.0002 Loss_G: -0.0581 (Adv: -0.0599 Rec: 0.0018)
2025-06-20 22:44:54,273 - INFO - Scale [5] Iter [5000/10000] Loss_D: 16.0942 Loss_G: -3.3417 (Adv: -3.4301 Rec: 0.0884)
2025-06-20 22:45:08,295 - INFO - Scale [5] Iter [6000/10000] Loss_D: 14.5911 Loss_G: -3.8643 (Adv: -3.8786 Rec: 0.0143)
2025-06-20 22:45:21,500 - INFO - Scale [5] Iter [7000/10000] Loss_D: 21.6984 Loss_G: -3.6631 (Adv: -3.6689 Rec: 0.0057)
2025-06-20 22:45:34,609 - INFO - Scale [5] Iter [8000/10000] Loss_D: 12.1414 Loss_G: -3.2635 (Adv: -3.2684 Rec: 0.0050)
2025-06-20 22:45:47,717 - INFO - Scale [5] Iter [9000/10000] Loss_D: 12.9205 Loss_G: -3.1495 (Adv: -3.1542 Rec: 0.0047)
2025-06-20 22:46:01,244 - INFO - 
--- Training Scale 4 ---
2025-06-20 22:46:01,245 - INFO - Volume size: torch.Size([6, 11, 11])
2025-06-20 22:46:01,309 - INFO - Scale [4] Iter [0/10000] Loss_D: 385.9192 Loss_G: 2.1962 (Adv: -0.2789 Rec: 2.4751)
2025-06-20 22:46:23,331 - INFO - Scale [4] Iter [1000/10000] Loss_D: 0.1986 Loss_G: -0.6952 (Adv: -0.6981 Rec: 0.0029)
2025-06-20 22:46:45,091 - INFO - Scale [4] Iter [2000/10000] Loss_D: 0.0660 Loss_G: -0.4485 (Adv: -0.4494 Rec: 0.0009)
2025-06-20 22:47:07,029 - INFO - Scale [4] Iter [3000/10000] Loss_D: 0.4304 Loss_G: 0.1372 (Adv: 0.1367 Rec: 0.0005)
2025-06-20 22:47:28,864 - INFO - Scale [4] Iter [4000/10000] Loss_D: 0.1626 Loss_G: -0.0395 (Adv: -0.0422 Rec: 0.0027)
2025-06-20 22:47:50,738 - INFO - Scale [4] Iter [5000/10000] Loss_D: 0.0007 Loss_G: 0.6243 (Adv: 0.6238 Rec: 0.0005)
2025-06-20 22:48:12,712 - INFO - Scale [4] Iter [6000/10000] Loss_D: 0.0032 Loss_G: 0.6417 (Adv: 0.6417 Rec: 0.0000)
2025-06-20 22:48:34,500 - INFO - Scale [4] Iter [7000/10000] Loss_D: 0.0211 Loss_G: 0.7502 (Adv: 0.7501 Rec: 0.0000)
2025-06-20 22:48:56,288 - INFO - Scale [4] Iter [8000/10000] Loss_D: 0.0028 Loss_G: 0.8041 (Adv: 0.8041 Rec: 0.0000)
2025-06-20 22:49:18,261 - INFO - Scale [4] Iter [9000/10000] Loss_D: 0.0068 Loss_G: 0.7832 (Adv: 0.7832 Rec: 0.0000)
2025-06-20 22:49:40,339 - INFO - 
--- Training Scale 3 ---
2025-06-20 22:49:40,339 - INFO - Volume size: torch.Size([7, 14, 14])
2025-06-20 22:49:40,416 - INFO - Scale [3] Iter [0/10000] Loss_D: 925.3856 Loss_G: 1.3197 (Adv: -0.7639 Rec: 2.0835)
2025-06-20 22:50:13,899 - INFO - Scale [3] Iter [1000/10000] Loss_D: 0.2985 Loss_G: -0.4365 (Adv: -0.4388 Rec: 0.0022)
2025-06-20 22:50:47,055 - INFO - Scale [3] Iter [2000/10000] Loss_D: 0.0752 Loss_G: -0.8351 (Adv: -0.8375 Rec: 0.0024)
2025-06-20 22:51:20,314 - INFO - Scale [3] Iter [3000/10000] Loss_D: 0.0557 Loss_G: -0.8382 (Adv: -0.8385 Rec: 0.0002)
2025-06-20 22:51:53,479 - INFO - Scale [3] Iter [4000/10000] Loss_D: 0.0088 Loss_G: -1.2224 (Adv: -1.2236 Rec: 0.0012)
2025-06-20 22:52:26,878 - INFO - Scale [3] Iter [5000/10000] Loss_D: 0.0016 Loss_G: -0.6531 (Adv: -0.6546 Rec: 0.0015)
2025-06-20 22:52:59,945 - INFO - Scale [3] Iter [6000/10000] Loss_D: 0.0020 Loss_G: -0.5538 (Adv: -0.5538 Rec: 0.0000)
2025-06-20 22:53:33,165 - INFO - Scale [3] Iter [7000/10000] Loss_D: 0.0013 Loss_G: -0.5342 (Adv: -0.5342 Rec: 0.0000)
2025-06-20 22:54:06,369 - INFO - Scale [3] Iter [8000/10000] Loss_D: 0.0020 Loss_G: -0.4717 (Adv: -0.4718 Rec: 0.0000)
2025-06-20 22:54:39,392 - INFO - Scale [3] Iter [9000/10000] Loss_D: 0.0022 Loss_G: -0.4807 (Adv: -0.4807 Rec: 0.0000)
2025-06-20 22:55:12,775 - INFO - 
--- Training Scale 2 ---
2025-06-20 22:55:12,775 - INFO - Volume size: torch.Size([9, 18, 18])
2025-06-20 22:55:12,874 - INFO - Scale [2] Iter [0/10000] Loss_D: 959.8956 Loss_G: 2.8109 (Adv: 0.5759 Rec: 2.2350)
2025-06-20 22:56:11,356 - INFO - Scale [2] Iter [1000/10000] Loss_D: 5800.4253 Loss_G: -17.8910 (Adv: -18.9018 Rec: 1.0108)
2025-06-20 22:57:09,755 - INFO - Scale [2] Iter [2000/10000] Loss_D: 4.4711 Loss_G: -0.8167 (Adv: -0.8191 Rec: 0.0024)
2025-06-20 22:58:08,223 - INFO - Scale [2] Iter [3000/10000] Loss_D: 7.3693 Loss_G: -0.1857 (Adv: -0.1935 Rec: 0.0078)
2025-06-20 22:59:06,605 - INFO - Scale [2] Iter [4000/10000] Loss_D: 0.0706 Loss_G: 0.6714 (Adv: 0.6707 Rec: 0.0006)
2025-06-20 23:00:05,105 - INFO - Scale [2] Iter [5000/10000] Loss_D: 0.0499 Loss_G: -0.3780 (Adv: -0.3795 Rec: 0.0015)
2025-06-20 23:01:03,493 - INFO - Scale [2] Iter [6000/10000] Loss_D: 0.1085 Loss_G: -0.3259 (Adv: -0.3260 Rec: 0.0001)
2025-06-20 23:02:01,906 - INFO - Scale [2] Iter [7000/10000] Loss_D: 0.0942 Loss_G: -0.1739 (Adv: -0.1740 Rec: 0.0001)
2025-06-20 23:03:00,243 - INFO - Scale [2] Iter [8000/10000] Loss_D: 0.7297 Loss_G: -0.3503 (Adv: -0.3504 Rec: 0.0001)
2025-06-20 23:03:58,660 - INFO - Scale [2] Iter [9000/10000] Loss_D: 0.0205 Loss_G: -0.2100 (Adv: -0.2100 Rec: 0.0001)
2025-06-20 23:04:57,281 - INFO - 
--- Training Scale 1 ---
2025-06-20 23:04:57,281 - INFO - Volume size: torch.Size([12, 24, 24])
2025-06-20 23:04:57,450 - INFO - Scale [1] Iter [0/10000] Loss_D: 2504.5444 Loss_G: 2.4927 (Adv: 0.2340 Rec: 2.2587)
2025-06-20 23:07:02,574 - INFO - Scale [1] Iter [1000/10000] Loss_D: 2.1067 Loss_G: 0.4833 (Adv: 0.4760 Rec: 0.0073)
2025-06-20 23:09:07,707 - INFO - Scale [1] Iter [2000/10000] Loss_D: 0.3531 Loss_G: 0.3130 (Adv: 0.3092 Rec: 0.0038)
2025-06-20 23:11:12,742 - INFO - Scale [1] Iter [3000/10000] Loss_D: 1.2483 Loss_G: -0.0553 (Adv: -0.4287 Rec: 0.3734)
2025-06-20 23:13:17,740 - INFO - Scale [1] Iter [4000/10000] Loss_D: 0.0418 Loss_G: 0.0285 (Adv: 0.0197 Rec: 0.0088)
2025-06-20 23:15:23,011 - INFO - Scale [1] Iter [5000/10000] Loss_D: 0.0080 Loss_G: 0.2740 (Adv: 0.2713 Rec: 0.0027)
2025-06-20 23:17:27,969 - INFO - Scale [1] Iter [6000/10000] Loss_D: 0.0014 Loss_G: 0.2947 (Adv: 0.2933 Rec: 0.0013)
2025-06-20 23:19:32,945 - INFO - Scale [1] Iter [7000/10000] Loss_D: 0.0065 Loss_G: 0.3493 (Adv: 0.3481 Rec: 0.0012)
2025-06-20 23:21:47,590 - INFO - Scale [1] Iter [8000/10000] Loss_D: 0.0044 Loss_G: 0.3637 (Adv: 0.3626 Rec: 0.0011)
2025-06-20 23:23:56,505 - INFO - Scale [1] Iter [9000/10000] Loss_D: 0.0045 Loss_G: 0.3760 (Adv: 0.3749 Rec: 0.0011)
2025-06-20 23:26:13,650 - INFO - 
--- Training Scale 0 ---
2025-06-20 23:26:13,650 - INFO - Volume size: torch.Size([16, 32, 32])
2025-06-20 23:26:14,035 - INFO - Scale [0] Iter [0/10000] Loss_D: 4869.1631 Loss_G: 3.1569 (Adv: 0.3305 Rec: 2.8264)
2025-06-20 23:31:08,086 - INFO - Scale [0] Iter [1000/10000] Loss_D: 143.9128 Loss_G: -2.5129 (Adv: -2.5600 Rec: 0.0471)
2025-06-20 23:35:53,575 - INFO - Scale [0] Iter [2000/10000] Loss_D: 4.3825 Loss_G: -0.7817 (Adv: -0.8091 Rec: 0.0273)
2025-06-20 23:40:36,866 - INFO - Scale [0] Iter [3000/10000] Loss_D: 1.7872 Loss_G: -2.2259 (Adv: -2.2490 Rec: 0.0232)
2025-06-20 23:45:17,322 - INFO - Scale [0] Iter [4000/10000] Loss_D: 0.4824 Loss_G: -3.1727 (Adv: -3.2016 Rec: 0.0289)
2025-06-20 23:49:56,768 - INFO - Scale [0] Iter [5000/10000] Loss_D: 0.1032 Loss_G: -3.3661 (Adv: -3.3892 Rec: 0.0230)
2025-06-20 23:54:36,153 - INFO - Scale [0] Iter [6000/10000] Loss_D: 0.1087 Loss_G: -3.3807 (Adv: -3.3984 Rec: 0.0178)
2025-06-20 23:59:15,524 - INFO - Scale [0] Iter [7000/10000] Loss_D: 0.0433 Loss_G: -3.3175 (Adv: -3.3351 Rec: 0.0176)
2025-06-21 00:03:54,733 - INFO - Scale [0] Iter [8000/10000] Loss_D: 0.0365 Loss_G: -3.2877 (Adv: -3.3052 Rec: 0.0175)
2025-06-21 00:08:34,037 - INFO - Scale [0] Iter [9000/10000] Loss_D: 0.0295 Loss_G: -3.2818 (Adv: -3.2993 Rec: 0.0175)
2025-06-21 00:13:13,494 - INFO - 
--- Training Complete ---
2025-06-21 00:13:13,511 - INFO - Trained model saved to Output_first_sample\trained_model_3d.pth
